<?xml version="1.0" encoding="UTF-8"?>
<!-- Generated by org.testng.reporters.JUnitReportReporter -->
<testsuite hostname="DESKTOP-8CMMTM9" failures="0" tests="1" name="Tests.Test1" time="3.477" errors="0" timestamp="1 Feb 2022 13:32:32 GMT">
  <testcase classname="Tests.Test1" name="testEasy" time="3.477"/>
</testsuite> <!-- Tests.Test1 -->
