<?xml version="1.0" encoding="UTF-8"?>
<!-- Generated by org.testng.reporters.JUnitReportReporter -->
<testsuite hostname="DESKTOP-8CMMTM9" failures="0" tests="1" name="Tests.Test1" time="4.908" errors="0" timestamp="28 Feb 2022 15:54:43 GMT">
  <testcase classname="Tests.Test1" name="testEasy" time="4.908"/>
</testsuite> <!-- Tests.Test1 -->
